[01:33:59] [main/DEBUG] [FML/]: Injecting tracing printstreams for STDOUT/STDERR.
[01:33:59] [main/INFO] [FML/]: Forge Mod Loader version 7.99.40.1614 for Minecraft 1.7.10 loading
[01:33:59] [main/INFO] [FML/]: Java is Java HotSpot(TM) 64-Bit Server VM, version 1.7.0_80, running on Windows 10:amd64:10.0, installed at C:\Program Files\Java\jre7
[01:33:59] [main/DEBUG] [FML/]: Java classpath at launch is C:\Users\minec.DESKTOP-0K7C88C\AppData\Roaming\.minecraft\libraries\net\minecraftforge\forge\1.7.10-10.13.4.1614-1.7.10\forge-1.7.10-10.13.4.1614-1.7.10.jar;C:\Users\minec.DESKTOP-0K7C88C\AppData\Roaming\.minecraft\libraries\net\minecraft\launchwrapper\1.12\launchwrapper-1.12.jar;C:\Users\minec.DESKTOP-0K7C88C\AppData\Roaming\.minecraft\libraries\org\ow2\asm\asm-all\5.0.3\asm-all-5.0.3.jar;C:\Users\minec.DESKTOP-0K7C88C\AppData\Roaming\.minecraft\libraries\com\typesafe\akka\akka-actor_2.11\2.3.3\akka-actor_2.11-2.3.3.jar;C:\Users\minec.DESKTOP-0K7C88C\AppData\Roaming\.minecraft\libraries\com\typesafe\config\1.2.1\config-1.2.1.jar;C:\Users\minec.DESKTOP-0K7C88C\AppData\Roaming\.minecraft\libraries\org\scala-lang\scala-actors-migration_2.11\1.1.0\scala-actors-migration_2.11-1.1.0.jar;C:\Users\minec.DESKTOP-0K7C88C\AppData\Roaming\.minecraft\libraries\org\scala-lang\scala-compiler\2.11.1\scala-compiler-2.11.1.jar;C:\Users\minec.DESKTOP-0K7C88C\AppData\Roaming\.minecraft\libraries\org\scala-lang\plugins\scala-continuations-library_2.11\1.0.2\scala-continuations-library_2.11-1.0.2.jar;C:\Users\minec.DESKTOP-0K7C88C\AppData\Roaming\.minecraft\libraries\org\scala-lang\plugins\scala-continuations-plugin_2.11.1\1.0.2\scala-continuations-plugin_2.11.1-1.0.2.jar;C:\Users\minec.DESKTOP-0K7C88C\AppData\Roaming\.minecraft\libraries\org\scala-lang\scala-library\2.11.1\scala-library-2.11.1.jar;C:\Users\minec.DESKTOP-0K7C88C\AppData\Roaming\.minecraft\libraries\org\scala-lang\scala-parser-combinators_2.11\1.0.1\scala-parser-combinators_2.11-1.0.1.jar;C:\Users\minec.DESKTOP-0K7C88C\AppData\Roaming\.minecraft\libraries\org\scala-lang\scala-reflect\2.11.1\scala-reflect-2.11.1.jar;C:\Users\minec.DESKTOP-0K7C88C\AppData\Roaming\.minecraft\libraries\org\scala-lang\scala-swing_2.11\1.0.1\scala-swing_2.11-1.0.1.jar;C:\Users\minec.DESKTOP-0K7C88C\AppData\Roaming\.minecraft\libraries\org\scala-lang\scala-xml_2.11\1.0.2\scala-xml_2.11-1.0.2.jar;C:\Users\minec.DESKTOP-0K7C88C\AppData\Roaming\.minecraft\libraries\lzma\lzma\0.0.1\lzma-0.0.1.jar;C:\Users\minec.DESKTOP-0K7C88C\AppData\Roaming\.minecraft\libraries\net\sf\jopt-simple\jopt-simple\4.5\jopt-simple-4.5.jar;C:\Users\minec.DESKTOP-0K7C88C\AppData\Roaming\.minecraft\libraries\com\google\guava\guava\17.0\guava-17.0.jar;C:\Users\minec.DESKTOP-0K7C88C\AppData\Roaming\.minecraft\libraries\org\apache\commons\commons-lang3\3.3.2\commons-lang3-3.3.2.jar;C:\Users\minec.DESKTOP-0K7C88C\AppData\Roaming\.minecraft\libraries\com\mojang\netty\1.6\netty-1.6.jar;C:\Users\minec.DESKTOP-0K7C88C\AppData\Roaming\.minecraft\libraries\com\mojang\realms\1.3.5\realms-1.3.5.jar;C:\Users\minec.DESKTOP-0K7C88C\AppData\Roaming\.minecraft\libraries\org\apache\commons\commons-compress\1.8.1\commons-compress-1.8.1.jar;C:\Users\minec.DESKTOP-0K7C88C\AppData\Roaming\.minecraft\libraries\org\apache\httpcomponents\httpclient\4.3.3\httpclient-4.3.3.jar;C:\Users\minec.DESKTOP-0K7C88C\AppData\Roaming\.minecraft\libraries\commons-logging\commons-logging\1.1.3\commons-logging-1.1.3.jar;C:\Users\minec.DESKTOP-0K7C88C\AppData\Roaming\.minecraft\libraries\org\apache\httpcomponents\httpcore\4.3.2\httpcore-4.3.2.jar;C:\Users\minec.DESKTOP-0K7C88C\AppData\Roaming\.minecraft\libraries\java3d\vecmath\1.3.1\vecmath-1.3.1.jar;C:\Users\minec.DESKTOP-0K7C88C\AppData\Roaming\.minecraft\libraries\net\sf\trove4j\trove4j\3.0.3\trove4j-3.0.3.jar;C:\Users\minec.DESKTOP-0K7C88C\AppData\Roaming\.minecraft\libraries\com\ibm\icu\icu4j-core-mojang\51.2\icu4j-core-mojang-51.2.jar;C:\Users\minec.DESKTOP-0K7C88C\AppData\Roaming\.minecraft\libraries\net\sf\jopt-simple\jopt-simple\4.5\jopt-simple-4.5.jar;C:\Users\minec.DESKTOP-0K7C88C\AppData\Roaming\.minecraft\libraries\com\paulscode\codecjorbis\20101023\codecjorbis-20101023.jar;C:\Users\minec.DESKTOP-0K7C88C\AppData\Roaming\.minecraft\libraries\com\paulscode\codecwav\20101023\codecwav-20101023.jar;C:\Users\minec.DESKTOP-0K7C88C\AppData\Roaming\.minecraft\libraries\com\paulscode\libraryjavasound\20101123\libraryjavasound-20101123.jar;C:\Users\minec.DESKTOP-0K7C88C\AppData\Roaming\.minecraft\libraries\com\paulscode\librarylwjglopenal\20100824\librarylwjglopenal-20100824.jar;C:\Users\minec.DESKTOP-0K7C88C\AppData\Roaming\.minecraft\libraries\com\paulscode\soundsystem\20120107\soundsystem-20120107.jar;C:\Users\minec.DESKTOP-0K7C88C\AppData\Roaming\.minecraft\libraries\io\netty\netty-all\4.0.10.Final\netty-all-4.0.10.Final.jar;C:\Users\minec.DESKTOP-0K7C88C\AppData\Roaming\.minecraft\libraries\com\google\guava\guava\15.0\guava-15.0.jar;C:\Users\minec.DESKTOP-0K7C88C\AppData\Roaming\.minecraft\libraries\org\apache\commons\commons-lang3\3.1\commons-lang3-3.1.jar;C:\Users\minec.DESKTOP-0K7C88C\AppData\Roaming\.minecraft\libraries\commons-io\commons-io\2.4\commons-io-2.4.jar;C:\Users\minec.DESKTOP-0K7C88C\AppData\Roaming\.minecraft\libraries\commons-codec\commons-codec\1.9\commons-codec-1.9.jar;C:\Users\minec.DESKTOP-0K7C88C\AppData\Roaming\.minecraft\libraries\net\java\jinput\jinput\2.0.5\jinput-2.0.5.jar;C:\Users\minec.DESKTOP-0K7C88C\AppData\Roaming\.minecraft\libraries\net\java\jutils\jutils\1.0.0\jutils-1.0.0.jar;C:\Users\minec.DESKTOP-0K7C88C\AppData\Roaming\.minecraft\libraries\com\google\code\gson\gson\2.2.4\gson-2.2.4.jar;C:\Users\minec.DESKTOP-0K7C88C\AppData\Roaming\.minecraft\libraries\com\mojang\authlib\1.5.21\authlib-1.5.21.jar;C:\Users\minec.DESKTOP-0K7C88C\AppData\Roaming\.minecraft\libraries\org\apache\logging\log4j\log4j-api\2.0-beta9\log4j-api-2.0-beta9.jar;C:\Users\minec.DESKTOP-0K7C88C\AppData\Roaming\.minecraft\libraries\org\apache\logging\log4j\log4j-core\2.0-beta9\log4j-core-2.0-beta9.jar;C:\Users\minec.DESKTOP-0K7C88C\AppData\Roaming\.minecraft\libraries\org\lwjgl\lwjgl\lwjgl\2.9.1\lwjgl-2.9.1.jar;C:\Users\minec.DESKTOP-0K7C88C\AppData\Roaming\.minecraft\libraries\org\lwjgl\lwjgl\lwjgl_util\2.9.1\lwjgl_util-2.9.1.jar;C:\Users\minec.DESKTOP-0K7C88C\AppData\Roaming\.minecraft\libraries\tv\twitch\twitch\5.16\twitch-5.16.jar;C:\Users\minec.DESKTOP-0K7C88C\AppData\Roaming\.minecraft\versions\1.7.10\1.7.10.jar
[01:33:59] [main/DEBUG] [FML/]: Java library path at launch is C:\Users\minec.DESKTOP-0K7C88C\AppData\Roaming\.minecraft\versions\1.7.10-Forge10.13.4.1614-1.7.10\1.7.10-Forge10.13.4.1614-1.7.10-natives-32843723617387
[01:33:59] [main/DEBUG] [FML/]: Enabling runtime deobfuscation
[01:33:59] [main/DEBUG] [FML/]: Instantiating coremod class FMLCorePlugin
[01:33:59] [main/DEBUG] [FML/]: Added access transformer class cpw.mods.fml.common.asm.transformers.AccessTransformer to enqueued access transformers
[01:33:59] [main/DEBUG] [FML/]: Enqueued coremod FMLCorePlugin
[01:33:59] [main/DEBUG] [FML/]: Instantiating coremod class FMLForgePlugin
[01:33:59] [main/DEBUG] [FML/]: Added access transformer class net.minecraftforge.transformers.ForgeAccessTransformer to enqueued access transformers
[01:33:59] [main/DEBUG] [FML/]: Enqueued coremod FMLForgePlugin
[01:33:59] [main/DEBUG] [FML/]: All fundamental core mods are successfully located
[01:33:59] [main/DEBUG] [FML/]: Attempting to load commandline specified mods, relative to C:\Users\minec.DESKTOP-0K7C88C\AppData\Roaming\.minecraft
[01:33:59] [main/DEBUG] [FML/]: Discovering coremods
[01:33:59] [main/DEBUG] [FML/]: Examining for coremod candidacy appliedenergistics2-rv2-stable-10.jar
[01:33:59] [main/TRACE] [FML/]: Found FMLCorePluginContainsFMLMod marker in appliedenergistics2-rv2-stable-10.jar, it will be examined later for regular @Mod instances
[01:33:59] [main/DEBUG] [FML/]: Instantiating coremod class AppEngCore
[01:33:59] [main/DEBUG] [FML/]: The coremod appeng.transformer.AppEngCore requested minecraft version 1.7.10 and minecraft is 1.7.10. It will be loaded.
[01:33:59] [main/INFO] [FML/]: [AppEng] Core Init
[01:33:59] [main/DEBUG] [FML/]: Added access transformer class appeng.transformer.asm.ASMTweaker to enqueued access transformers
[01:33:59] [main/DEBUG] [FML/]: Enqueued coremod AppEngCore
[01:33:59] [main/DEBUG] [FML/]: Examining for coremod candidacy BigReactors-0.4.3A.jar
[01:33:59] [main/DEBUG] [FML/]: Not found coremod data in BigReactors-0.4.3A.jar
[01:33:59] [main/DEBUG] [FML/]: Examining for coremod candidacy buildcraft-7.1.16.jar
[01:33:59] [main/DEBUG] [FML/]: Not found coremod data in buildcraft-7.1.16.jar
[01:33:59] [main/DEBUG] [FML/]: Examining for coremod candidacy CoFHCore-[1.7.10]3.1.2-325.jar
[01:33:59] [main/TRACE] [FML/]: Found FMLCorePluginContainsFMLMod marker in CoFHCore-[1.7.10]3.1.2-325.jar, it will be examined later for regular @Mod instances
[01:33:59] [main/DEBUG] [FML/]: Instantiating coremod class LoadingPlugin
[01:33:59] [main/WARN] [FML/]: The coremod cofh.asm.LoadingPlugin does not have a MCVersion annotation, it may cause issues with this version of Minecraft
[01:33:59] [main/DEBUG] [FML/]: Added access transformer class cofh.asm.CoFHAccessTransformer to enqueued access transformers
[01:33:59] [main/DEBUG] [FML/]: Enqueued coremod LoadingPlugin
[01:33:59] [main/DEBUG] [FML/]: Examining for coremod candidacy EnderIO-1.7.10-2.2.8.381.jar
[01:33:59] [main/DEBUG] [FML/]: Not found coremod data in EnderIO-1.7.10-2.2.8.381.jar
[01:33:59] [main/DEBUG] [FML/]: Examining for coremod candidacy Industrial-Craft-2-Mod-Experimental-1.7.10.jar
[01:33:59] [main/TRACE] [FML/]: Found FMLCorePluginContainsFMLMod marker in Industrial-Craft-2-Mod-Experimental-1.7.10.jar, it will be examined later for regular @Mod instances
[01:33:59] [main/DEBUG] [FML/]: Instantiating coremod class IC2core
[01:33:59] [main/WARN] [FML/]: The coremod ic2.core.coremod.IC2core does not have a MCVersion annotation, it may cause issues with this version of Minecraft
[01:33:59] [main/DEBUG] [FML/]: Enqueued coremod IC2core
[01:33:59] [main/DEBUG] [FML/]: Examining for coremod candidacy Iron-Chests-Mod-1.7.10.jar
[01:33:59] [main/DEBUG] [FML/]: Not found coremod data in Iron-Chests-Mod-1.7.10.jar
[01:33:59] [main/DEBUG] [FML/]: Examining for coremod candidacy logisticspipes-0.9.3.125.jar
[01:33:59] [main/TRACE] [FML/]: Found FMLCorePluginContainsFMLMod marker in logisticspipes-0.9.3.125.jar, it will be examined later for regular @Mod instances
[01:33:59] [main/DEBUG] [FML/]: Instantiating coremod class LogisticsPipesCoreLoader
[01:33:59] [main/WARN] [FML/]: The coremod logisticspipes.asm.LogisticsPipesCoreLoader does not have a MCVersion annotation, it may cause issues with this version of Minecraft
[01:33:59] [main/DEBUG] [FML/]: Added access transformer class logisticspipes.asm.LogisticsAccessTransformer to enqueued access transformers
[01:33:59] [main/DEBUG] [FML/]: Enqueued coremod LogisticsPipesCoreLoader
[01:33:59] [main/INFO] [LaunchWrapper/]: Loading tweak class name cpw.mods.fml.common.launcher.FMLInjectionAndSortingTweaker
[01:33:59] [main/INFO] [LaunchWrapper/]: Loading tweak class name cpw.mods.fml.common.launcher.FMLDeobfTweaker
[01:33:59] [main/INFO] [LaunchWrapper/]: Calling tweak class cpw.mods.fml.common.launcher.FMLInjectionAndSortingTweaker
[01:33:59] [main/INFO] [LaunchWrapper/]: Calling tweak class cpw.mods.fml.common.launcher.FMLInjectionAndSortingTweaker
[01:33:59] [main/INFO] [LaunchWrapper/]: Calling tweak class cpw.mods.fml.relauncher.CoreModManager$FMLPluginWrapper
[01:33:59] [main/DEBUG] [FML/]: Injecting coremod FMLCorePlugin {cpw.mods.fml.relauncher.FMLCorePlugin} class transformers
[01:33:59] [main/TRACE] [FML/]: Registering transformer cpw.mods.fml.common.asm.transformers.MarkerTransformer
[01:33:59] [main/TRACE] [FML/]: Registering transformer cpw.mods.fml.common.asm.transformers.SideTransformer
[01:33:59] [main/TRACE] [FML/]: Registering transformer cpw.mods.fml.common.asm.transformers.EventSubscriptionTransformer
[01:33:59] [main/DEBUG] [FML/]: Injection complete
[01:33:59] [main/DEBUG] [FML/]: Running coremod plugin for FMLCorePlugin {cpw.mods.fml.relauncher.FMLCorePlugin}
[01:33:59] [main/DEBUG] [FML/]: Running coremod plugin FMLCorePlugin
[01:34:00] [main/DEBUG] [FML/]: Read 527 binary patches
[01:34:02] [main/INFO] [FML/]: Found valid fingerprint for Minecraft Forge. Certificate fingerprint e3c3d50c7c986df74c645c0ac54639741c90a557
[01:34:02] [main/INFO] [FML/]: Found valid fingerprint for Minecraft. Certificate fingerprint cd99959656f753dc28d863b46769f7f8fbaefcfc
[01:34:02] [main/DEBUG] [FML/]: Coremod plugin class FMLCorePlugin run successfully
[01:34:02] [main/INFO] [LaunchWrapper/]: Calling tweak class cpw.mods.fml.relauncher.CoreModManager$FMLPluginWrapper
[01:34:02] [main/DEBUG] [FML/]: Injecting coremod FMLForgePlugin {net.minecraftforge.classloading.FMLForgePlugin} class transformers
[01:34:02] [main/TRACE] [FML/]: Registering transformer net.minecraftforge.classloading.FluidIdTransformer
[01:34:02] [main/DEBUG] [FML/]: Injection complete
[01:34:02] [main/DEBUG] [FML/]: Running coremod plugin for FMLForgePlugin {net.minecraftforge.classloading.FMLForgePlugin}
[01:34:02] [main/DEBUG] [FML/]: Running coremod plugin FMLForgePlugin
[01:34:02] [main/DEBUG] [FML/]: Coremod plugin class FMLForgePlugin run successfully
[01:34:02] [main/INFO] [LaunchWrapper/]: Calling tweak class cpw.mods.fml.relauncher.CoreModManager$FMLPluginWrapper
[01:34:02] [main/DEBUG] [FML/]: Injecting coremod AppEngCore {appeng.transformer.AppEngCore} class transformers
[01:34:02] [main/TRACE] [FML/]: Registering transformer appeng.transformer.asm.ASMIntegration
[01:34:02] [main/DEBUG] [FML/]: Injection complete
[01:34:02] [main/DEBUG] [FML/]: Running coremod plugin for AppEngCore {appeng.transformer.AppEngCore}
[01:34:02] [main/DEBUG] [FML/]: Running coremod plugin AppEngCore
[01:34:02] [main/DEBUG] [FML/]: Coremod plugin class AppEngCore run successfully
[01:34:02] [main/INFO] [LaunchWrapper/]: Calling tweak class cpw.mods.fml.relauncher.CoreModManager$FMLPluginWrapper
[01:34:02] [main/DEBUG] [FML/]: Injecting coremod IC2core {ic2.core.coremod.IC2core} class transformers
[01:34:02] [main/DEBUG] [FML/]: Injection complete
[01:34:02] [main/DEBUG] [FML/]: Running coremod plugin for IC2core {ic2.core.coremod.IC2core}
[01:34:02] [main/DEBUG] [FML/]: Running coremod plugin IC2core
[01:34:02] [main/INFO] [IC2-core/]: Loaded library EJML-core-0.26.jar.
[01:34:02] [main/DEBUG] [FML/]: Coremod plugin class IC2core run successfully
[01:34:02] [main/INFO] [LaunchWrapper/]: Calling tweak class cpw.mods.fml.relauncher.CoreModManager$FMLPluginWrapper
[01:34:02] [main/DEBUG] [FML/]: Injecting coremod LogisticsPipesCoreLoader {logisticspipes.asm.LogisticsPipesCoreLoader} class transformers
[01:34:02] [main/TRACE] [FML/]: Registering transformer logisticspipes.asm.LogisticsClassTransformer
[01:34:02] [main/DEBUG] [FML/]: Injection complete
[01:34:02] [main/DEBUG] [FML/]: Running coremod plugin for LogisticsPipesCoreLoader {logisticspipes.asm.LogisticsPipesCoreLoader}
[01:34:02] [main/DEBUG] [FML/]: Running coremod plugin LogisticsPipesCoreLoader
[01:34:02] [main/DEBUG] [FML/]: Coremod plugin class LogisticsPipesCoreLoader run successfully
[01:34:02] [main/INFO] [LaunchWrapper/]: Calling tweak class cpw.mods.fml.common.launcher.FMLDeobfTweaker
[01:34:02] [main/DEBUG] [FML/]: Loaded 57 rules from AccessTransformer config file fml_at.cfg
[01:34:02] [main/DEBUG] [FML/]: Loaded 89 rules from AccessTransformer config file forge_at.cfg
[01:34:02] [main/DEBUG] [FML/]: Loaded 36 rules from AccessTransformer config file logisticspipes_at.cfg
[01:34:02] [main/DEBUG] [FML/]: Validating minecraft
[01:34:03] [main/DEBUG] [FML/]: Minecraft validated, launching...
[01:34:03] [main/INFO] [LaunchWrapper/]: Calling tweak class cpw.mods.fml.relauncher.CoreModManager$FMLPluginWrapper
[01:34:03] [main/DEBUG] [FML/]: Injecting coremod LoadingPlugin {cofh.asm.LoadingPlugin} class transformers
[01:34:03] [main/TRACE] [FML/]: Registering transformer cofh.asm.CoFHClassTransformer
[01:34:04] [main/DEBUG] [FML/]: Injection complete
[01:34:04] [main/DEBUG] [FML/]: Running coremod plugin for LoadingPlugin {cofh.asm.LoadingPlugin}
[01:34:04] [main/DEBUG] [FML/]: Running coremod plugin LoadingPlugin
[01:34:04] [main/DEBUG] [FML/]: Coremod plugin class LoadingPlugin run successfully
[01:34:04] [main/INFO] [LaunchWrapper/]: Loading tweak class name cpw.mods.fml.common.launcher.TerminalTweaker
[01:34:04] [main/INFO] [LaunchWrapper/]: Calling tweak class cpw.mods.fml.common.launcher.TerminalTweaker
[01:34:04] [main/INFO] [LaunchWrapper/]: Launching wrapped minecraft {net.minecraft.client.main.Main}
[01:34:05] [main/INFO] [AE2-CORE/]: func_146977_a(Lnet/minecraft/inventory/Slot;)V - Transformed
[01:34:05] [main/INFO] [AE2-CORE/]: func_146977_a_original(Lnet/minecraft/inventory/Slot;)V - New Method
[01:34:05] [main/INFO] [AE2-CORE/]: func_146977_a(Lnet/minecraft/inventory/Slot;)V - Invoke Virtual
[01:34:09] [main/INFO] [STDOUT/]: [net.minecraft.client.main.Main:main:144]: Completely ignored arguments: [--nativeLauncherVersion, 301]
[01:34:10] [Client thread/DEBUG] [FML/]: Bar Finished: Loading Resource - LanguageManager took 0,089s
[01:34:11] [Client thread/INFO] [STDOUT/]: [cpw.mods.fml.client.SplashProgress:start:188]: ---- Minecraft Crash Report ----
// Hi. I'm Minecraft, and I'm a crashaholic.

Time: 19.06.16 01:34
Description: Loading screen debug info

This is just a prompt for computer specs to be printed. THIS IS NOT A ERROR


A detailed walkthrough of the error, its code path and all known details is as follows:
---------------------------------------------------------------------------------------

-- System Details --
Details:
	Minecraft Version: 1.7.10
	Operating System: Windows 10 (amd64) version 10.0
	Java Version: 1.7.0_80, Oracle Corporation
	Java VM Version: Java HotSpot(TM) 64-Bit Server VM (mixed mode), Oracle Corporation
	Memory: 245691296 bytes (234 MB) / 439877632 bytes (419 MB) up to 3817865216 bytes (3641 MB)
	JVM Flags: 2 total; -XX:HeapDumpPath=MojangTricksIntelDriversForPerformance_javaw.exe_minecraft.exe.heapdump -Xmx4G
	AABB Pool Size: 0 (0 bytes; 0 MB) allocated, 0 (0 bytes; 0 MB) used
	IntCache: cache: 0, tcache: 0, allocated: 0, tallocated: 0
	FML: 
	GL info: ' Vendor: 'NVIDIA Corporation' Version: '4.5.0 NVIDIA 368.22' Renderer: 'GeForce GTX 960/PCIe/SSE2'
[01:34:11] [Client thread/INFO] [MinecraftForge/]: Attempting early MinecraftForge initialization
[01:34:11] [Client thread/INFO] [FML/]: MinecraftForge v10.13.4.1614 Initialized
[01:34:11] [Client thread/INFO] [FML/]: Replaced 183 ore recipies
[01:34:11] [Client thread/INFO] [MinecraftForge/]: Completed early MinecraftForge initialization
[01:34:11] [Client thread/DEBUG] [FML/]: File C:\Users\minec.DESKTOP-0K7C88C\AppData\Roaming\.minecraft\config\injectedDependencies.json not found. No dependencies injected
[01:34:11] [Client thread/DEBUG] [FML/]: Building injected Mod Containers [cpw.mods.fml.common.FMLContainer, net.minecraftforge.common.ForgeModContainer, appeng.transformer.AppEngCore, cofh.asm.LoadingPlugin$CoFHDummyContainer]
[01:34:11] [Client thread/INFO] [FML/]: [AppEng] Core Init
[01:34:11] [Client thread/DEBUG] [FML/]: Attempting to load mods contained in the minecraft jar file and associated classes
[01:34:11] [Client thread/DEBUG] [FML/]: Found a minecraft related file at C:\Users\minec.DESKTOP-0K7C88C\AppData\Roaming\.minecraft\libraries\net\minecraftforge\forge\1.7.10-10.13.4.1614-1.7.10\forge-1.7.10-10.13.4.1614-1.7.10.jar, examining for mod candidates
[01:34:11] [Client thread/DEBUG] [FML/]: Found a minecraft related file at C:\Users\minec.DESKTOP-0K7C88C\AppData\Roaming\.minecraft\libraries\net\minecraft\launchwrapper\1.12\launchwrapper-1.12.jar, examining for mod candidates
[01:34:11] [Client thread/DEBUG] [FML/]: Found a minecraft related file at C:\Users\minec.DESKTOP-0K7C88C\AppData\Roaming\.minecraft\libraries\org\ow2\asm\asm-all\5.0.3\asm-all-5.0.3.jar, examining for mod candidates
[01:34:11] [Client thread/DEBUG] [FML/]: Found a minecraft related file at C:\Users\minec.DESKTOP-0K7C88C\AppData\Roaming\.minecraft\libraries\com\typesafe\akka\akka-actor_2.11\2.3.3\akka-actor_2.11-2.3.3.jar, examining for mod candidates
[01:34:11] [Client thread/DEBUG] [FML/]: Found a minecraft related file at C:\Users\minec.DESKTOP-0K7C88C\AppData\Roaming\.minecraft\libraries\com\typesafe\config\1.2.1\config-1.2.1.jar, examining for mod candidates
[01:34:11] [Client thread/DEBUG] [FML/]: Found a minecraft related file at C:\Users\minec.DESKTOP-0K7C88C\AppData\Roaming\.minecraft\libraries\org\scala-lang\scala-actors-migration_2.11\1.1.0\scala-actors-migration_2.11-1.1.0.jar, examining for mod candidates
[01:34:11] [Client thread/DEBUG] [FML/]: Found a minecraft related file at C:\Users\minec.DESKTOP-0K7C88C\AppData\Roaming\.minecraft\libraries\org\scala-lang\scala-compiler\2.11.1\scala-compiler-2.11.1.jar, examining for mod candidates
[01:34:11] [Client thread/DEBUG] [FML/]: Found a minecraft related file at C:\Users\minec.DESKTOP-0K7C88C\AppData\Roaming\.minecraft\libraries\org\scala-lang\plugins\scala-continuations-library_2.11\1.0.2\scala-continuations-library_2.11-1.0.2.jar, examining for mod candidates
[01:34:11] [Client thread/DEBUG] [FML/]: Found a minecraft related file at C:\Users\minec.DESKTOP-0K7C88C\AppData\Roaming\.minecraft\libraries\org\scala-lang\plugins\scala-continuations-plugin_2.11.1\1.0.2\scala-continuations-plugin_2.11.1-1.0.2.jar, examining for mod candidates
[01:34:11] [Client thread/DEBUG] [FML/]: Found a minecraft related file at C:\Users\minec.DESKTOP-0K7C88C\AppData\Roaming\.minecraft\libraries\org\scala-lang\scala-library\2.11.1\scala-library-2.11.1.jar, examining for mod candidates
[01:34:11] [Client thread/DEBUG] [FML/]: Found a minecraft related file at C:\Users\minec.DESKTOP-0K7C88C\AppData\Roaming\.minecraft\libraries\org\scala-lang\scala-parser-combinators_2.11\1.0.1\scala-parser-combinators_2.11-1.0.1.jar, examining for mod candidates
[01:34:11] [Client thread/DEBUG] [FML/]: Found a minecraft related file at C:\Users\minec.DESKTOP-0K7C88C\AppData\Roaming\.minecraft\libraries\org\scala-lang\scala-reflect\2.11.1\scala-reflect-2.11.1.jar, examining for mod candidates
[01:34:11] [Client thread/DEBUG] [FML/]: Found a minecraft related file at C:\Users\minec.DESKTOP-0K7C88C\AppData\Roaming\.minecraft\libraries\org\scala-lang\scala-swing_2.11\1.0.1\scala-swing_2.11-1.0.1.jar, examining for mod candidates
[01:34:11] [Client thread/DEBUG] [FML/]: Found a minecraft related file at C:\Users\minec.DESKTOP-0K7C88C\AppData\Roaming\.minecraft\libraries\org\scala-lang\scala-xml_2.11\1.0.2\scala-xml_2.11-1.0.2.jar, examining for mod candidates
[01:34:11] [Client thread/DEBUG] [FML/]: Found a minecraft related file at C:\Users\minec.DESKTOP-0K7C88C\AppData\Roaming\.minecraft\libraries\lzma\lzma\0.0.1\lzma-0.0.1.jar, examining for mod candidates
[01:34:11] [Client thread/DEBUG] [FML/]: Found a minecraft related file at C:\Users\minec.DESKTOP-0K7C88C\AppData\Roaming\.minecraft\libraries\net\sf\jopt-simple\jopt-simple\4.5\jopt-simple-4.5.jar, examining for mod candidates
[01:34:11] [Client thread/DEBUG] [FML/]: Found a minecraft related file at C:\Users\minec.DESKTOP-0K7C88C\AppData\Roaming\.minecraft\libraries\com\google\guava\guava\17.0\guava-17.0.jar, examining for mod candidates
[01:34:11] [Client thread/DEBUG] [FML/]: Found a minecraft related file at C:\Users\minec.DESKTOP-0K7C88C\AppData\Roaming\.minecraft\libraries\org\apache\commons\commons-lang3\3.3.2\commons-lang3-3.3.2.jar, examining for mod candidates
[01:34:11] [Client thread/DEBUG] [FML/]: Found a minecraft related file at C:\Users\minec.DESKTOP-0K7C88C\AppData\Roaming\.minecraft\libraries\com\mojang\netty\1.6\netty-1.6.jar, examining for mod candidates
[01:34:11] [Client thread/DEBUG] [FML/]: Found a minecraft related file at C:\Users\minec.DESKTOP-0K7C88C\AppData\Roaming\.minecraft\libraries\com\mojang\realms\1.3.5\realms-1.3.5.jar, examining for mod candidates
[01:34:11] [Client thread/DEBUG] [FML/]: Found a minecraft related file at C:\Users\minec.DESKTOP-0K7C88C\AppData\Roaming\.minecraft\libraries\org\apache\commons\commons-compress\1.8.1\commons-compress-1.8.1.jar, examining for mod candidates
[01:34:11] [Client thread/DEBUG] [FML/]: Found a minecraft related file at C:\Users\minec.DESKTOP-0K7C88C\AppData\Roaming\.minecraft\libraries\org\apache\httpcomponents\httpclient\4.3.3\httpclient-4.3.3.jar, examining for mod candidates
[01:34:11] [Client thread/DEBUG] [FML/]: Found a minecraft related file at C:\Users\minec.DESKTOP-0K7C88C\AppData\Roaming\.minecraft\libraries\commons-logging\commons-logging\1.1.3\commons-logging-1.1.3.jar, examining for mod candidates
[01:34:11] [Client thread/DEBUG] [FML/]: Found a minecraft related file at C:\Users\minec.DESKTOP-0K7C88C\AppData\Roaming\.minecraft\libraries\org\apache\httpcomponents\httpcore\4.3.2\httpcore-4.3.2.jar, examining for mod candidates
[01:34:11] [Client thread/DEBUG] [FML/]: Found a minecraft related file at C:\Users\minec.DESKTOP-0K7C88C\AppData\Roaming\.minecraft\libraries\java3d\vecmath\1.3.1\vecmath-1.3.1.jar, examining for mod candidates
[01:34:11] [Client thread/DEBUG] [FML/]: Found a minecraft related file at C:\Users\minec.DESKTOP-0K7C88C\AppData\Roaming\.minecraft\libraries\net\sf\trove4j\trove4j\3.0.3\trove4j-3.0.3.jar, examining for mod candidates
[01:34:11] [Client thread/DEBUG] [FML/]: Found a minecraft related file at C:\Users\minec.DESKTOP-0K7C88C\AppData\Roaming\.minecraft\libraries\com\ibm\icu\icu4j-core-mojang\51.2\icu4j-core-mojang-51.2.jar, examining for mod candidates
[01:34:11] [Client thread/DEBUG] [FML/]: Found a minecraft related file at C:\Users\minec.DESKTOP-0K7C88C\AppData\Roaming\.minecraft\libraries\net\sf\jopt-simple\jopt-simple\4.5\jopt-simple-4.5.jar, examining for mod candidates
[01:34:11] [Client thread/DEBUG] [FML/]: Found a minecraft related file at C:\Users\minec.DESKTOP-0K7C88C\AppData\Roaming\.minecraft\libraries\com\paulscode\codecjorbis\20101023\codecjorbis-20101023.jar, examining for mod candidates
[01:34:11] [Client thread/DEBUG] [FML/]: Found a minecraft related file at C:\Users\minec.DESKTOP-0K7C88C\AppData\Roaming\.minecraft\libraries\com\paulscode\codecwav\20101023\codecwav-20101023.jar, examining for mod candidates
[01:34:11] [Client thread/DEBUG] [FML/]: Found a minecraft related file at C:\Users\minec.DESKTOP-0K7C88C\AppData\Roaming\.minecraft\libraries\com\paulscode\libraryjavasound\20101123\libraryjavasound-20101123.jar, examining for mod candidates
[01:34:11] [Client thread/DEBUG] [FML/]: Found a minecraft related file at C:\Users\minec.DESKTOP-0K7C88C\AppData\Roaming\.minecraft\libraries\com\paulscode\librarylwjglopenal\20100824\librarylwjglopenal-20100824.jar, examining for mod candidates
[01:34:12] [Client thread/DEBUG] [FML/]: Found a minecraft related file at C:\Users\minec.DESKTOP-0K7C88C\AppData\Roaming\.minecraft\libraries\com\paulscode\soundsystem\20120107\soundsystem-20120107.jar, examining for mod candidates
[01:34:12] [Client thread/DEBUG] [FML/]: Found a minecraft related file at C:\Users\minec.DESKTOP-0K7C88C\AppData\Roaming\.minecraft\libraries\io\netty\netty-all\4.0.10.Final\netty-all-4.0.10.Final.jar, examining for mod candidates
[01:34:12] [Client thread/DEBUG] [FML/]: Found a minecraft related file at C:\Users\minec.DESKTOP-0K7C88C\AppData\Roaming\.minecraft\libraries\com\google\guava\guava\15.0\guava-15.0.jar, examining for mod candidates
[01:34:12] [Client thread/DEBUG] [FML/]: Found a minecraft related file at C:\Users\minec.DESKTOP-0K7C88C\AppData\Roaming\.minecraft\libraries\org\apache\commons\commons-lang3\3.1\commons-lang3-3.1.jar, examining for mod candidates
[01:34:12] [Client thread/DEBUG] [FML/]: Found a minecraft related file at C:\Users\minec.DESKTOP-0K7C88C\AppData\Roaming\.minecraft\libraries\commons-io\commons-io\2.4\commons-io-2.4.jar, examining for mod candidates
[01:34:12] [Client thread/DEBUG] [FML/]: Found a minecraft related file at C:\Users\minec.DESKTOP-0K7C88C\AppData\Roaming\.minecraft\libraries\commons-codec\commons-codec\1.9\commons-codec-1.9.jar, examining for mod candidates
[01:34:12] [Client thread/DEBUG] [FML/]: Found a minecraft related file at C:\Users\minec.DESKTOP-0K7C88C\AppData\Roaming\.minecraft\libraries\net\java\jinput\jinput\2.0.5\jinput-2.0.5.jar, examining for mod candidates
[01:34:12] [Client thread/DEBUG] [FML/]: Found a minecraft related file at C:\Users\minec.DESKTOP-0K7C88C\AppData\Roaming\.minecraft\libraries\net\java\jutils\jutils\1.0.0\jutils-1.0.0.jar, examining for mod candidates
[01:34:12] [Client thread/DEBUG] [FML/]: Found a minecraft related file at C:\Users\minec.DESKTOP-0K7C88C\AppData\Roaming\.minecraft\libraries\com\google\code\gson\gson\2.2.4\gson-2.2.4.jar, examining for mod candidates
[01:34:12] [Client thread/DEBUG] [FML/]: Found a minecraft related file at C:\Users\minec.DESKTOP-0K7C88C\AppData\Roaming\.minecraft\libraries\com\mojang\authlib\1.5.21\authlib-1.5.21.jar, examining for mod candidates
[01:34:12] [Client thread/DEBUG] [FML/]: Found a minecraft related file at C:\Users\minec.DESKTOP-0K7C88C\AppData\Roaming\.minecraft\libraries\org\apache\logging\log4j\log4j-api\2.0-beta9\log4j-api-2.0-beta9.jar, examining for mod candidates
[01:34:12] [Client thread/DEBUG] [FML/]: Found a minecraft related file at C:\Users\minec.DESKTOP-0K7C88C\AppData\Roaming\.minecraft\libraries\org\apache\logging\log4j\log4j-core\2.0-beta9\log4j-core-2.0-beta9.jar, examining for mod candidates
[01:34:12] [Client thread/DEBUG] [FML/]: Found a minecraft related file at C:\Users\minec.DESKTOP-0K7C88C\AppData\Roaming\.minecraft\libraries\org\lwjgl\lwjgl\lwjgl\2.9.1\lwjgl-2.9.1.jar, examining for mod candidates
[01:34:12] [Client thread/DEBUG] [FML/]: Found a minecraft related file at C:\Users\minec.DESKTOP-0K7C88C\AppData\Roaming\.minecraft\libraries\org\lwjgl\lwjgl\lwjgl_util\2.9.1\lwjgl_util-2.9.1.jar, examining for mod candidates
[01:34:12] [Client thread/DEBUG] [FML/]: Found a minecraft related file at C:\Users\minec.DESKTOP-0K7C88C\AppData\Roaming\.minecraft\libraries\tv\twitch\twitch\5.16\twitch-5.16.jar, examining for mod candidates
[01:34:12] [Client thread/DEBUG] [FML/]: Found a minecraft related file at C:\Users\minec.DESKTOP-0K7C88C\AppData\Roaming\.minecraft\versions\1.7.10\1.7.10.jar, examining for mod candidates
[01:34:12] [Client thread/TRACE] [FML/]: Skipping known library file C:\Users\minec.DESKTOP-0K7C88C\AppData\Roaming\.minecraft\mods\appliedenergistics2-rv2-stable-10.jar
[01:34:12] [Client thread/TRACE] [FML/]: Skipping known library file C:\Users\minec.DESKTOP-0K7C88C\AppData\Roaming\.minecraft\mods\CoFHCore-[1.7.10]3.1.2-325.jar
[01:34:12] [Client thread/TRACE] [FML/]: Skipping known library file C:\Users\minec.DESKTOP-0K7C88C\AppData\Roaming\.minecraft\mods\Industrial-Craft-2-Mod-Experimental-1.7.10.jar
[01:34:12] [Client thread/TRACE] [FML/]: Skipping known library file C:\Users\minec.DESKTOP-0K7C88C\AppData\Roaming\.minecraft\mods\logisticspipes-0.9.3.125.jar
[01:34:12] [Client thread/DEBUG] [FML/]: Found a minecraft related file at C:\Users\minec.DESKTOP-0K7C88C\AppData\Roaming\.minecraft\mods\ic2\EJML-core-0.26.jar, examining for mod candidates
[01:34:12] [Client thread/DEBUG] [FML/]: Minecraft jar mods loaded successfully
[01:34:12] [Client thread/INFO] [FML/]: Found 0 mods from the command line. Injecting into mod discoverer
[01:34:12] [Client thread/INFO] [FML/]: Searching C:\Users\minec.DESKTOP-0K7C88C\AppData\Roaming\.minecraft\mods for mods
[01:34:12] [Client thread/DEBUG] [FML/]: Found a candidate zip or jar file appliedenergistics2-rv2-stable-10.jar
[01:34:12] [Client thread/DEBUG] [FML/]: Found a candidate zip or jar file BigReactors-0.4.3A.jar
[01:34:12] [Client thread/DEBUG] [FML/]: Found a candidate zip or jar file buildcraft-7.1.16.jar
[01:34:12] [Client thread/DEBUG] [FML/]: Found a candidate zip or jar file CoFHCore-[1.7.10]3.1.2-325.jar
[01:34:12] [Client thread/DEBUG] [FML/]: Found a candidate zip or jar file EnderIO-1.7.10-2.2.8.381.jar
[01:34:12] [Client thread/DEBUG] [FML/]: Found a candidate mod directory ic2
[01:34:12] [Client thread/DEBUG] [FML/]: Found a candidate zip or jar file Industrial-Craft-2-Mod-Experimental-1.7.10.jar
[01:34:12] [Client thread/DEBUG] [FML/]: Found a candidate zip or jar file Iron-Chests-Mod-1.7.10.jar
[01:34:12] [Client thread/DEBUG] [FML/]: Found a candidate zip or jar file logisticspipes-0.9.3.125.jar
[01:34:12] [Client thread/DEBUG] [FML/]: Examining file forge-1.7.10-10.13.4.1614-1.7.10.jar for potential mods
[01:34:12] [Client thread/DEBUG] [FML/]: The mod container forge-1.7.10-10.13.4.1614-1.7.10.jar appears to be missing an mcmod.info file
[01:34:12] [Client thread/DEBUG] [FML/]: Examining file launchwrapper-1.12.jar for potential mods
[01:34:12] [Client thread/DEBUG] [FML/]: The mod container launchwrapper-1.12.jar appears to be missing an mcmod.info file
[01:34:12] [Client thread/DEBUG] [FML/]: Examining file asm-all-5.0.3.jar for potential mods
[01:34:12] [Client thread/DEBUG] [FML/]: The mod container asm-all-5.0.3.jar appears to be missing an mcmod.info file
[01:34:12] [Client thread/DEBUG] [FML/]: Examining file akka-actor_2.11-2.3.3.jar for potential mods
[01:34:12] [Client thread/DEBUG] [FML/]: The mod container akka-actor_2.11-2.3.3.jar appears to be missing an mcmod.info file
[01:34:13] [Client thread/DEBUG] [FML/]: Examining file config-1.2.1.jar for potential mods
[01:34:13] [Client thread/DEBUG] [FML/]: The mod container config-1.2.1.jar appears to be missing an mcmod.info file
[01:34:13] [Client thread/DEBUG] [FML/]: Examining file scala-actors-migration_2.11-1.1.0.jar for potential mods
[01:34:13] [Client thread/DEBUG] [FML/]: The mod container scala-actors-migration_2.11-1.1.0.jar appears to be missing an mcmod.info file
[01:34:13] [Client thread/DEBUG] [FML/]: Examining file scala-compiler-2.11.1.jar for potential mods
[01:34:13] [Client thread/DEBUG] [FML/]: The mod container scala-compiler-2.11.1.jar appears to be missing an mcmod.info file
